<?xml version="1.0" encoding="UTF-8"?>
<testsuite name="com.sample.person.integration.PersonApiIntegrationTest" tests="9" skipped="0" failures="0" errors="0" timestamp="2021-02-15T09:23:03" hostname="MC02XKC6WJG5H" time="15.184">
  <properties/>
  <testcase name="testGetPersonById" classname="com.sample.person.integration.PersonApiIntegrationTest" time="2.379"/>
  <testcase name="testDeletePersonById" classname="com.sample.person.integration.PersonApiIntegrationTest" time="1.767"/>
  <testcase name="testCreatePerson" classname="com.sample.person.integration.PersonApiIntegrationTest" time="1.723"/>
  <testcase name="testUpdatePersonById" classname="com.sample.person.integration.PersonApiIntegrationTest" time="1.718"/>
  <testcase name="testDeletePersonByIdForNoMatchingData" classname="com.sample.person.integration.PersonApiIntegrationTest" time="1.562"/>
  <testcase name="testGetAllPerson" classname="com.sample.person.integration.PersonApiIntegrationTest" time="1.509"/>
  <testcase name="testDeletePersonByIdForEmptyId" classname="com.sample.person.integration.PersonApiIntegrationTest" time="1.501"/>
  <testcase name="testGetAllPersonNoData" classname="com.sample.person.integration.PersonApiIntegrationTest" time="1.487"/>
  <testcase name="testGetPersonByIdNoData" classname="com.sample.person.integration.PersonApiIntegrationTest" time="1.537"/>
  <system-out><![CDATA[09:22:58.097 [Test worker] DEBUG org.springframework.test.context.junit4.SpringJUnit4ClassRunner - SpringJUnit4ClassRunner constructor called with [class com.sample.person.integration.PersonApiIntegrationTest]
09:22:58.104 [Test worker] DEBUG org.springframework.test.context.BootstrapUtils - Instantiating CacheAwareContextLoaderDelegate from class [org.springframework.test.context.cache.DefaultCacheAwareContextLoaderDelegate]
09:22:58.111 [Test worker] DEBUG org.springframework.test.context.BootstrapUtils - Instantiating BootstrapContext using constructor [public org.springframework.test.context.support.DefaultBootstrapContext(java.lang.Class,org.springframework.test.context.CacheAwareContextLoaderDelegate)]
09:22:58.148 [Test worker] DEBUG org.springframework.test.context.BootstrapUtils - Instantiating TestContextBootstrapper for test class [com.sample.person.integration.PersonApiIntegrationTest] from class [org.springframework.boot.test.context.SpringBootTestContextBootstrapper]
09:22:58.163 [Test worker] INFO org.springframework.boot.test.context.SpringBootTestContextBootstrapper - Neither @ContextConfiguration nor @ContextHierarchy found for test class [com.sample.person.integration.PersonApiIntegrationTest], using SpringBootContextLoader
09:22:58.166 [Test worker] DEBUG org.springframework.test.context.support.AbstractContextLoader - Did not detect default resource location for test class [com.sample.person.integration.PersonApiIntegrationTest]: class path resource [com/sample/person/integration/PersonApiIntegrationTest-context.xml] does not exist
09:22:58.167 [Test worker] DEBUG org.springframework.test.context.support.AbstractContextLoader - Did not detect default resource location for test class [com.sample.person.integration.PersonApiIntegrationTest]: class path resource [com/sample/person/integration/PersonApiIntegrationTestContext.groovy] does not exist
09:22:58.167 [Test worker] INFO org.springframework.test.context.support.AbstractContextLoader - Could not detect default resource locations for test class [com.sample.person.integration.PersonApiIntegrationTest]: no resource found for suffixes {-context.xml, Context.groovy}.
09:22:58.218 [Test worker] DEBUG org.springframework.test.context.support.ActiveProfilesUtils - Could not find an 'annotation declaring class' for annotation type [org.springframework.test.context.ActiveProfiles] and class [com.sample.person.integration.PersonApiIntegrationTest]
09:22:58.318 [Test worker] DEBUG org.springframework.boot.test.context.SpringBootTestContextBootstrapper - @TestExecutionListeners is not present for class [com.sample.person.integration.PersonApiIntegrationTest]: using defaults.
09:22:58.319 [Test worker] INFO org.springframework.boot.test.context.SpringBootTestContextBootstrapper - Loaded default TestExecutionListener class names from location [META-INF/spring.factories]: [org.springframework.boot.test.autoconfigure.restdocs.RestDocsTestExecutionListener, org.springframework.boot.test.autoconfigure.web.client.MockRestServiceServerResetTestExecutionListener, org.springframework.boot.test.autoconfigure.web.servlet.MockMvcPrintOnlyOnFailureTestExecutionListener, org.springframework.boot.test.autoconfigure.web.servlet.WebDriverTestExecutionListener, org.springframework.boot.test.mock.mockito.MockitoTestExecutionListener, org.springframework.boot.test.mock.mockito.ResetMocksTestExecutionListener, org.springframework.test.context.web.ServletTestExecutionListener, org.springframework.test.context.support.DirtiesContextBeforeModesTestExecutionListener, org.springframework.test.context.support.DependencyInjectionTestExecutionListener, org.springframework.test.context.support.DirtiesContextTestExecutionListener, org.springframework.test.context.transaction.TransactionalTestExecutionListener, org.springframework.test.context.jdbc.SqlScriptsTestExecutionListener, org.springframework.test.context.event.EventPublishingTestExecutionListener]
09:22:58.333 [Test worker] INFO org.springframework.boot.test.context.SpringBootTestContextBootstrapper - Using TestExecutionListeners: [org.springframework.test.context.web.ServletTestExecutionListener@6ef0590a, org.springframework.test.context.support.DirtiesContextBeforeModesTestExecutionListener@659ec754, org.springframework.boot.test.mock.mockito.MockitoTestExecutionListener@79194d28, org.springframework.boot.test.autoconfigure.SpringBootDependencyInjectionTestExecutionListener@3804a2d, org.springframework.test.context.support.DirtiesContextTestExecutionListener@6fd47b5e, org.springframework.test.context.transaction.TransactionalTestExecutionListener@7ce3b597, org.springframework.test.context.jdbc.SqlScriptsTestExecutionListener@4fa0d72e, org.springframework.test.context.event.EventPublishingTestExecutionListener@4e703dd5, org.springframework.boot.test.autoconfigure.restdocs.RestDocsTestExecutionListener@2b2a1ce, org.springframework.boot.test.autoconfigure.web.client.MockRestServiceServerResetTestExecutionListener@631ce302, org.springframework.boot.test.autoconfigure.web.servlet.MockMvcPrintOnlyOnFailureTestExecutionListener@2acc41e8, org.springframework.boot.test.autoconfigure.web.servlet.WebDriverTestExecutionListener@651d4ff1, org.springframework.boot.test.mock.mockito.ResetMocksTestExecutionListener@72362e4d]
09:22:58.335 [Test worker] DEBUG org.springframework.test.annotation.ProfileValueUtils - Retrieved @ProfileValueSourceConfiguration [null] for test class [com.sample.person.integration.PersonApiIntegrationTest]
09:22:58.336 [Test worker] DEBUG org.springframework.test.annotation.ProfileValueUtils - Retrieved ProfileValueSource type [class org.springframework.test.annotation.SystemProfileValueSource] for class [com.sample.person.integration.PersonApiIntegrationTest]
09:22:58.337 [Test worker] DEBUG org.springframework.test.annotation.ProfileValueUtils - Retrieved @ProfileValueSourceConfiguration [null] for test class [com.sample.person.integration.PersonApiIntegrationTest]
09:22:58.337 [Test worker] DEBUG org.springframework.test.annotation.ProfileValueUtils - Retrieved ProfileValueSource type [class org.springframework.test.annotation.SystemProfileValueSource] for class [com.sample.person.integration.PersonApiIntegrationTest]
09:22:58.342 [Test worker] DEBUG org.springframework.test.context.support.AbstractDirtiesContextTestExecutionListener - Before test class: context [DefaultTestContext@2bcc1687 testClass = PersonApiIntegrationTest, testInstance = [null], testMethod = [null], testException = [null], mergedContextConfiguration = [WebMergedContextConfiguration@75b5774b testClass = PersonApiIntegrationTest, locations = '{}', classes = '{class com.sample.person.Application, class com.sample.person.Application}', contextInitializerClasses = '[]', activeProfiles = '{}', propertySourceLocations = '{}', propertySourceProperties = '{org.springframework.boot.test.context.SpringBootTestContextBootstrapper=true, server.port=0}', contextCustomizers = set[org.springframework.boot.test.autoconfigure.properties.PropertyMappingContextCustomizer@4b3fa0b3, org.springframework.boot.test.autoconfigure.web.servlet.WebDriverContextCustomizerFactory$Customizer@7060d903, [ImportsContextCustomizer@1714abf8 key = [org.springframework.boot.test.autoconfigure.web.servlet.MockMvcAutoConfiguration, org.springframework.boot.test.autoconfigure.web.servlet.MockMvcWebClientAutoConfiguration, org.springframework.boot.test.autoconfigure.web.servlet.MockMvcWebDriverAutoConfiguration, org.springframework.boot.autoconfigure.security.servlet.SecurityAutoConfiguration, org.springframework.boot.autoconfigure.security.servlet.UserDetailsServiceAutoConfiguration, org.springframework.boot.test.autoconfigure.web.servlet.MockMvcSecurityConfiguration]], org.springframework.boot.test.context.filter.ExcludeFilterContextCustomizer@2113d8d4, org.springframework.boot.test.json.DuplicateJsonObjectContextCustomizerFactory$DuplicateJsonObjectContextCustomizer@61dd33f3, org.springframework.boot.test.mock.mockito.MockitoContextCustomizer@0, org.springframework.boot.test.web.client.TestRestTemplateContextCustomizer@5c83e3e9, org.springframework.boot.test.context.SpringBootTestArgs@1], resourceBasePath = 'src/main/webapp', contextLoader = 'org.springframework.boot.test.context.SpringBootContextLoader', parent = [null]], attributes = map['org.springframework.test.context.web.ServletTestExecutionListener.activateListener' -> false]], class annotated with @DirtiesContext [true] with mode [BEFORE_EACH_TEST_METHOD].
09:22:58.344 [Test worker] DEBUG org.springframework.test.annotation.ProfileValueUtils - Retrieved @ProfileValueSourceConfiguration [null] for test class [com.sample.person.integration.PersonApiIntegrationTest]
09:22:58.344 [Test worker] DEBUG org.springframework.test.annotation.ProfileValueUtils - Retrieved ProfileValueSource type [class org.springframework.test.annotation.SystemProfileValueSource] for class [com.sample.person.integration.PersonApiIntegrationTest]
09:22:58.347 [Test worker] DEBUG org.springframework.test.context.support.DependencyInjectionTestExecutionListener - Performing dependency injection for test context [[DefaultTestContext@2bcc1687 testClass = PersonApiIntegrationTest, testInstance = com.sample.person.integration.PersonApiIntegrationTest@6f131892, testMethod = [null], testException = [null], mergedContextConfiguration = [WebMergedContextConfiguration@75b5774b testClass = PersonApiIntegrationTest, locations = '{}', classes = '{class com.sample.person.Application, class com.sample.person.Application}', contextInitializerClasses = '[]', activeProfiles = '{}', propertySourceLocations = '{}', propertySourceProperties = '{org.springframework.boot.test.context.SpringBootTestContextBootstrapper=true, server.port=0}', contextCustomizers = set[org.springframework.boot.test.autoconfigure.properties.PropertyMappingContextCustomizer@4b3fa0b3, org.springframework.boot.test.autoconfigure.web.servlet.WebDriverContextCustomizerFactory$Customizer@7060d903, [ImportsContextCustomizer@1714abf8 key = [org.springframework.boot.test.autoconfigure.web.servlet.MockMvcAutoConfiguration, org.springframework.boot.test.autoconfigure.web.servlet.MockMvcWebClientAutoConfiguration, org.springframework.boot.test.autoconfigure.web.servlet.MockMvcWebDriverAutoConfiguration, org.springframework.boot.autoconfigure.security.servlet.SecurityAutoConfiguration, org.springframework.boot.autoconfigure.security.servlet.UserDetailsServiceAutoConfiguration, org.springframework.boot.test.autoconfigure.web.servlet.MockMvcSecurityConfiguration]], org.springframework.boot.test.context.filter.ExcludeFilterContextCustomizer@2113d8d4, org.springframework.boot.test.json.DuplicateJsonObjectContextCustomizerFactory$DuplicateJsonObjectContextCustomizer@61dd33f3, org.springframework.boot.test.mock.mockito.MockitoContextCustomizer@0, org.springframework.boot.test.web.client.TestRestTemplateContextCustomizer@5c83e3e9, org.springframework.boot.test.context.SpringBootTestArgs@1], resourceBasePath = 'src/main/webapp', contextLoader = 'org.springframework.boot.test.context.SpringBootContextLoader', parent = [null]], attributes = map['org.springframework.test.context.web.ServletTestExecutionListener.activateListener' -> false]]].
09:22:58.366 [Test worker] DEBUG org.springframework.test.context.support.TestPropertySourceUtils - Adding inlined properties to environment: {spring.jmx.enabled=false, org.springframework.boot.test.context.SpringBootTestContextBootstrapper=true, server.port=0}

  .   ____          _            __ _ _
 /\\ / ___'_ __ _ _(_)_ __  __ _ \ \ \ \
( ( )\___ | '_ | '_| | '_ \/ _` | \ \ \ \
 \\/  ___)| |_)| | | | | || (_| |  ) ) ) )
  '  |____| .__|_| |_|_| |_\__, | / / / /
 =========|_|==============|___/=/_/_/_/
 :: Spring Boot ::        (v2.2.7.RELEASE)

2021-02-15 09:22:58.639  INFO 99154 --- [    Test worker] c.s.p.i.PersonApiIntegrationTest         : Starting PersonApiIntegrationTest on MC02XKC6WJG5H with PID 99154 (started by r909654 in /Users/r909654/Documents/person-service)
2021-02-15 09:22:58.641  INFO 99154 --- [    Test worker] c.s.p.i.PersonApiIntegrationTest         : No active profile set, falling back to default profiles: default
2021-02-15 09:22:59.466  INFO 99154 --- [    Test worker] .s.d.r.c.RepositoryConfigurationDelegate : Bootstrapping Spring Data JPA repositories in DEFAULT mode.
2021-02-15 09:22:59.538  INFO 99154 --- [    Test worker] .s.d.r.c.RepositoryConfigurationDelegate : Finished Spring Data repository scanning in 64ms. Found 2 JPA repository interfaces.
2021-02-15 09:23:00.145  INFO 99154 --- [    Test worker] o.s.b.w.embedded.tomcat.TomcatWebServer  : Tomcat initialized with port(s): 0 (http)
2021-02-15 09:23:00.155  INFO 99154 --- [    Test worker] o.apache.catalina.core.StandardService   : Starting service [Tomcat]
2021-02-15 09:23:00.155  INFO 99154 --- [    Test worker] org.apache.catalina.core.StandardEngine  : Starting Servlet engine: [Apache Tomcat/9.0.34]
2021-02-15 09:23:00.281  INFO 99154 --- [    Test worker] o.a.c.c.C.[Tomcat].[localhost].[/]       : Initializing Spring embedded WebApplicationContext
2021-02-15 09:23:00.281  INFO 99154 --- [    Test worker] o.s.web.context.ContextLoader            : Root WebApplicationContext: initialization completed in 1627 ms
2021-02-15 09:23:00.495  INFO 99154 --- [    Test worker] com.zaxxer.hikari.HikariDataSource       : HikariPool-1 - Starting...
2021-02-15 09:23:00.637  INFO 99154 --- [    Test worker] com.zaxxer.hikari.HikariDataSource       : HikariPool-1 - Start completed.
2021-02-15 09:23:00.644  INFO 99154 --- [    Test worker] o.s.b.a.h2.H2ConsoleAutoConfiguration    : H2 console available at '/h2-console'. Database available at 'jdbc:h2:mem:testdb'
2021-02-15 09:23:00.974  INFO 99154 --- [    Test worker] o.hibernate.jpa.internal.util.LogHelper  : HHH000204: Processing PersistenceUnitInfo [name: default]
2021-02-15 09:23:01.014  INFO 99154 --- [    Test worker] org.hibernate.Version                    : HHH000412: Hibernate ORM core version 5.4.15.Final
2021-02-15 09:23:01.140  INFO 99154 --- [    Test worker] o.hibernate.annotations.common.Version   : HCANN000001: Hibernate Commons Annotations {5.1.0.Final}
2021-02-15 09:23:01.237  INFO 99154 --- [    Test worker] org.hibernate.dialect.Dialect            : HHH000400: Using dialect: org.hibernate.dialect.H2Dialect
2021-02-15 09:23:01.801  INFO 99154 --- [    Test worker] o.h.e.t.j.p.i.JtaPlatformInitiator       : HHH000490: Using JtaPlatform implementation: [org.hibernate.engine.transaction.jta.platform.internal.NoJtaPlatform]
2021-02-15 09:23:01.807  INFO 99154 --- [    Test worker] j.LocalContainerEntityManagerFactoryBean : Initialized JPA EntityManagerFactory for persistence unit 'default'
2021-02-15 09:23:02.197  WARN 99154 --- [    Test worker] JpaBaseConfiguration$JpaWebConfiguration : spring.jpa.open-in-view is enabled by default. Therefore, database queries may be performed during view rendering. Explicitly configure spring.jpa.open-in-view to disable this warning
2021-02-15 09:23:02.435  INFO 99154 --- [    Test worker] o.s.s.web.DefaultSecurityFilterChain     : Creating filter chain: any request, [org.springframework.security.web.context.request.async.WebAsyncManagerIntegrationFilter@1fae098, org.springframework.security.web.context.SecurityContextPersistenceFilter@5370e03f, org.springframework.security.web.header.HeaderWriterFilter@4aa6fea1, org.springframework.web.filter.CorsFilter@6ca06d86, org.springframework.security.web.authentication.logout.LogoutFilter@6344b3e4, com.sample.person.config.filter.JWTAuthenticationFilter@76d4c95e, com.sample.person.config.filter.JWTAuthorizationFilter@2183a265, org.springframework.security.web.savedrequest.RequestCacheAwareFilter@17a7cc2f, org.springframework.security.web.servletapi.SecurityContextHolderAwareRequestFilter@d45f5ea, org.springframework.security.web.authentication.AnonymousAuthenticationFilter@772b78ed, org.springframework.security.web.session.SessionManagementFilter@5ae63b51, org.springframework.security.web.access.ExceptionTranslationFilter@16536296, org.springframework.security.web.access.intercept.FilterSecurityInterceptor@18d21693]
2021-02-15 09:23:02.576  INFO 99154 --- [    Test worker] o.s.s.concurrent.ThreadPoolTaskExecutor  : Initializing ExecutorService 'applicationTaskExecutor'
2021-02-15 09:23:03.373  WARN 99154 --- [    Test worker] ion$DefaultTemplateResolverConfiguration : Cannot find template location: classpath:/templates/ (please add some templates or check your Thymeleaf configuration)
2021-02-15 09:23:03.642  INFO 99154 --- [    Test worker] o.a.c.c.C.[Tomcat].[localhost].[/]       : Initializing Spring TestDispatcherServlet ''
2021-02-15 09:23:03.642  INFO 99154 --- [    Test worker] o.s.t.web.servlet.TestDispatcherServlet  : Initializing Servlet ''
2021-02-15 09:23:03.650  INFO 99154 --- [    Test worker] o.s.b.a.e.web.EndpointLinksResolver      : Exposing 2 endpoint(s) beneath base path '/actuator'
2021-02-15 09:23:03.678  INFO 99154 --- [    Test worker] o.s.t.web.servlet.TestDispatcherServlet  : Completed initialization in 36 ms
2021-02-15 09:23:03.735  INFO 99154 --- [    Test worker] o.s.b.w.embedded.tomcat.TomcatWebServer  : Tomcat started on port(s): 54349 (http) with context path ''
2021-02-15 09:23:03.736  INFO 99154 --- [    Test worker] c.s.p.i.PersonApiIntegrationTest         : Started PersonApiIntegrationTest in 5.368 seconds (JVM running for 6.149)
2021-02-15 09:23:03.792  INFO 99154 --- [    Test worker] o.s.s.concurrent.ThreadPoolTaskExecutor  : Shutting down ExecutorService 'applicationTaskExecutor'
2021-02-15 09:23:03.792  INFO 99154 --- [    Test worker] j.LocalContainerEntityManagerFactoryBean : Closing JPA EntityManagerFactory for persistence unit 'default'
2021-02-15 09:23:03.794  INFO 99154 --- [    Test worker] com.zaxxer.hikari.HikariDataSource       : HikariPool-1 - Shutdown initiated...
2021-02-15 09:23:03.796  INFO 99154 --- [    Test worker] com.zaxxer.hikari.HikariDataSource       : HikariPool-1 - Shutdown completed.

  .   ____          _            __ _ _
 /\\ / ___'_ __ _ _(_)_ __  __ _ \ \ \ \
( ( )\___ | '_ | '_| | '_ \/ _` | \ \ \ \
 \\/  ___)| |_)| | | | | || (_| |  ) ) ) )
  '  |____| .__|_| |_|_| |_\__, | / / / /
 =========|_|==============|___/=/_/_/_/
 :: Spring Boot ::        (v2.2.7.RELEASE)

2021-02-15 09:23:03.835  INFO 99154 --- [    Test worker] c.s.p.i.PersonApiIntegrationTest         : Starting PersonApiIntegrationTest on MC02XKC6WJG5H with PID 99154 (started by r909654 in /Users/r909654/Documents/person-service)
2021-02-15 09:23:03.836  INFO 99154 --- [    Test worker] c.s.p.i.PersonApiIntegrationTest         : No active profile set, falling back to default profiles: default
2021-02-15 09:23:04.008  INFO 99154 --- [    Test worker] .s.d.r.c.RepositoryConfigurationDelegate : Bootstrapping Spring Data JPA repositories in DEFAULT mode.
2021-02-15 09:23:04.021  INFO 99154 --- [    Test worker] .s.d.r.c.RepositoryConfigurationDelegate : Finished Spring Data repository scanning in 12ms. Found 2 JPA repository interfaces.
2021-02-15 09:23:04.159  INFO 99154 --- [    Test worker] o.s.b.w.embedded.tomcat.TomcatWebServer  : Tomcat initialized with port(s): 0 (http)
2021-02-15 09:23:04.160  INFO 99154 --- [    Test worker] o.apache.catalina.core.StandardService   : Starting service [Tomcat]
2021-02-15 09:23:04.160  INFO 99154 --- [    Test worker] org.apache.catalina.core.StandardEngine  : Starting Servlet engine: [Apache Tomcat/9.0.34]
2021-02-15 09:23:04.182  INFO 99154 --- [    Test worker] o.a.c.c.C.[Tomcat].[localhost].[/]       : Initializing Spring embedded WebApplicationContext
2021-02-15 09:23:04.182  INFO 99154 --- [    Test worker] o.s.web.context.ContextLoader            : Root WebApplicationContext: initialization completed in 345 ms
2021-02-15 09:23:04.291  INFO 99154 --- [    Test worker] com.zaxxer.hikari.HikariDataSource       : HikariPool-2 - Starting...
2021-02-15 09:23:04.293  INFO 99154 --- [    Test worker] com.zaxxer.hikari.HikariDataSource       : HikariPool-2 - Start completed.
2021-02-15 09:23:04.293  INFO 99154 --- [    Test worker] o.s.b.a.h2.H2ConsoleAutoConfiguration    : H2 console available at '/h2-console'. Database available at 'jdbc:h2:mem:testdb'
2021-02-15 09:23:04.502  INFO 99154 --- [    Test worker] o.hibernate.jpa.internal.util.LogHelper  : HHH000204: Processing PersistenceUnitInfo [name: default]
2021-02-15 09:23:04.506  INFO 99154 --- [    Test worker] org.hibernate.dialect.Dialect            : HHH000400: Using dialect: org.hibernate.dialect.H2Dialect
2021-02-15 09:23:04.566  INFO 99154 --- [    Test worker] o.h.e.t.j.p.i.JtaPlatformInitiator       : HHH000490: Using JtaPlatform implementation: [org.hibernate.engine.transaction.jta.platform.internal.NoJtaPlatform]
2021-02-15 09:23:04.566  INFO 99154 --- [    Test worker] j.LocalContainerEntityManagerFactoryBean : Initialized JPA EntityManagerFactory for persistence unit 'default'
2021-02-15 09:23:04.670  WARN 99154 --- [    Test worker] JpaBaseConfiguration$JpaWebConfiguration : spring.jpa.open-in-view is enabled by default. Therefore, database queries may be performed during view rendering. Explicitly configure spring.jpa.open-in-view to disable this warning
2021-02-15 09:23:04.766  INFO 99154 --- [    Test worker] o.s.s.web.DefaultSecurityFilterChain     : Creating filter chain: any request, [org.springframework.security.web.context.request.async.WebAsyncManagerIntegrationFilter@6db2d13b, org.springframework.security.web.context.SecurityContextPersistenceFilter@18f2a00e, org.springframework.security.web.header.HeaderWriterFilter@5b93b336, org.springframework.web.filter.CorsFilter@ebbd7f9, org.springframework.security.web.authentication.logout.LogoutFilter@703fa9d4, com.sample.person.config.filter.JWTAuthenticationFilter@3ec790ec, com.sample.person.config.filter.JWTAuthorizationFilter@64f0fb0d, org.springframework.security.web.savedrequest.RequestCacheAwareFilter@103b345a, org.springframework.security.web.servletapi.SecurityContextHolderAwareRequestFilter@56772f68, org.springframework.security.web.authentication.AnonymousAuthenticationFilter@1f30d5a1, org.springframework.security.web.session.SessionManagementFilter@357529, org.springframework.security.web.access.ExceptionTranslationFilter@1f1260c, org.springframework.security.web.access.intercept.FilterSecurityInterceptor@58e041b8]
2021-02-15 09:23:04.822  INFO 99154 --- [    Test worker] o.s.s.concurrent.ThreadPoolTaskExecutor  : Initializing ExecutorService 'applicationTaskExecutor'
2021-02-15 09:23:05.117  WARN 99154 --- [    Test worker] ion$DefaultTemplateResolverConfiguration : Cannot find template location: classpath:/templates/ (please add some templates or check your Thymeleaf configuration)
2021-02-15 09:23:05.254  INFO 99154 --- [    Test worker] o.a.c.c.C.[Tomcat].[localhost].[/]       : Initializing Spring TestDispatcherServlet ''
2021-02-15 09:23:05.254  INFO 99154 --- [    Test worker] o.s.t.web.servlet.TestDispatcherServlet  : Initializing Servlet ''
2021-02-15 09:23:05.260  INFO 99154 --- [    Test worker] o.s.b.a.e.web.EndpointLinksResolver      : Exposing 2 endpoint(s) beneath base path '/actuator'
2021-02-15 09:23:05.279  INFO 99154 --- [    Test worker] o.s.t.web.servlet.TestDispatcherServlet  : Completed initialization in 25 ms
2021-02-15 09:23:05.304  INFO 99154 --- [    Test worker] o.s.b.w.embedded.tomcat.TomcatWebServer  : Tomcat started on port(s): 54351 (http) with context path ''
2021-02-15 09:23:05.304  INFO 99154 --- [    Test worker] c.s.p.i.PersonApiIntegrationTest         : Started PersonApiIntegrationTest in 1.487 seconds (JVM running for 7.716)
2021-02-15 09:23:05.532  INFO 99154 --- [    Test worker] c.s.p.controller.UserRestController      : Singing up new user - TestUser1
2021-02-15 09:23:05.808  INFO 99154 --- [    Test worker] c.s.p.service.UserDetailsServiceImpl     : Logged in user id - 000c631561, name - TestUser1
2021-02-15 09:23:05.935  INFO 99154 --- [    Test worker] c.s.p.controller.UserRestController      : Singing up new user - TestUser2
2021-02-15 09:23:06.009  INFO 99154 --- [    Test worker] c.s.p.service.UserDetailsServiceImpl     : Logged in user id - b4cbb0b391, name - TestUser2
2021-02-15 09:23:06.111  INFO 99154 --- [    Test worker] c.s.p.controller.PersonRestController    : Inside PersonRestController createPerson
2021-02-15 09:23:06.112  INFO 99154 --- [    Test worker] com.sample.person.utils.ServiceUtils     : Validating request body
2021-02-15 09:23:06.112  INFO 99154 --- [    Test worker] c.s.person.service.PersonServiceImpl     : Current user : TestUser1
2021-02-15 09:23:06.113  INFO 99154 --- [    Test worker] c.s.person.service.PersonServiceImpl     : Creating person by user id - 000c631561
2021-02-15 09:23:06.123  INFO 99154 --- [    Test worker] c.s.p.controller.PersonRestController    : Inside PersonRestController getAllPerson
2021-02-15 09:23:06.132  INFO 99154 --- [    Test worker] c.s.person.service.PersonServiceImpl     : Retrieved all person data PersonList{[Person{id='1fd4dd913e', createdAt=2021-02-15 09:23:06.115, modifiedAt=2021-02-15 09:23:06.115, firstName='John', age=35, lastName='Wick', favouriteColour='Black'}]}
2021-02-15 09:23:06.144  INFO 99154 --- [    Test worker] c.s.p.controller.PersonRestController    : Inside PersonRestController getPersonById
2021-02-15 09:23:06.144  INFO 99154 --- [    Test worker] com.sample.person.utils.ServiceUtils     : Validating request body
2021-02-15 09:23:06.144  INFO 99154 --- [    Test worker] c.s.person.service.PersonServiceImpl     : Getting person by id: 1fd4dd913e
2021-02-15 09:23:06.171  INFO 99154 --- [    Test worker] o.s.s.concurrent.ThreadPoolTaskExecutor  : Shutting down ExecutorService 'applicationTaskExecutor'
2021-02-15 09:23:06.172  INFO 99154 --- [    Test worker] j.LocalContainerEntityManagerFactoryBean : Closing JPA EntityManagerFactory for persistence unit 'default'
2021-02-15 09:23:06.173  INFO 99154 --- [    Test worker] com.zaxxer.hikari.HikariDataSource       : HikariPool-2 - Shutdown initiated...
2021-02-15 09:23:06.175  INFO 99154 --- [    Test worker] com.zaxxer.hikari.HikariDataSource       : HikariPool-2 - Shutdown completed.

  .   ____          _            __ _ _
 /\\ / ___'_ __ _ _(_)_ __  __ _ \ \ \ \
( ( )\___ | '_ | '_| | '_ \/ _` | \ \ \ \
 \\/  ___)| |_)| | | | | || (_| |  ) ) ) )
  '  |____| .__|_| |_|_| |_\__, | / / / /
 =========|_|==============|___/=/_/_/_/
 :: Spring Boot ::        (v2.2.7.RELEASE)

2021-02-15 09:23:06.202  INFO 99154 --- [    Test worker] c.s.p.i.PersonApiIntegrationTest         : Starting PersonApiIntegrationTest on MC02XKC6WJG5H with PID 99154 (started by r909654 in /Users/r909654/Documents/person-service)
2021-02-15 09:23:06.203  INFO 99154 --- [    Test worker] c.s.p.i.PersonApiIntegrationTest         : No active profile set, falling back to default profiles: default
2021-02-15 09:23:06.372  INFO 99154 --- [    Test worker] .s.d.r.c.RepositoryConfigurationDelegate : Bootstrapping Spring Data JPA repositories in DEFAULT mode.
2021-02-15 09:23:06.386  INFO 99154 --- [    Test worker] .s.d.r.c.RepositoryConfigurationDelegate : Finished Spring Data repository scanning in 14ms. Found 2 JPA repository interfaces.
2021-02-15 09:23:06.515  INFO 99154 --- [    Test worker] o.s.b.w.embedded.tomcat.TomcatWebServer  : Tomcat initialized with port(s): 0 (http)
2021-02-15 09:23:06.515  INFO 99154 --- [    Test worker] o.apache.catalina.core.StandardService   : Starting service [Tomcat]
2021-02-15 09:23:06.515  INFO 99154 --- [    Test worker] org.apache.catalina.core.StandardEngine  : Starting Servlet engine: [Apache Tomcat/9.0.34]
2021-02-15 09:23:06.534  INFO 99154 --- [    Test worker] o.a.c.c.C.[Tomcat].[localhost].[/]       : Initializing Spring embedded WebApplicationContext
2021-02-15 09:23:06.534  INFO 99154 --- [    Test worker] o.s.web.context.ContextLoader            : Root WebApplicationContext: initialization completed in 330 ms
2021-02-15 09:23:06.630  INFO 99154 --- [    Test worker] com.zaxxer.hikari.HikariDataSource       : HikariPool-3 - Starting...
2021-02-15 09:23:06.632  INFO 99154 --- [    Test worker] com.zaxxer.hikari.HikariDataSource       : HikariPool-3 - Start completed.
2021-02-15 09:23:06.632  INFO 99154 --- [    Test worker] o.s.b.a.h2.H2ConsoleAutoConfiguration    : H2 console available at '/h2-console'. Database available at 'jdbc:h2:mem:testdb'
2021-02-15 09:23:06.811  INFO 99154 --- [    Test worker] o.hibernate.jpa.internal.util.LogHelper  : HHH000204: Processing PersistenceUnitInfo [name: default]
2021-02-15 09:23:06.815  INFO 99154 --- [    Test worker] org.hibernate.dialect.Dialect            : HHH000400: Using dialect: org.hibernate.dialect.H2Dialect
2021-02-15 09:23:06.864  INFO 99154 --- [    Test worker] o.h.e.t.j.p.i.JtaPlatformInitiator       : HHH000490: Using JtaPlatform implementation: [org.hibernate.engine.transaction.jta.platform.internal.NoJtaPlatform]
2021-02-15 09:23:06.864  INFO 99154 --- [    Test worker] j.LocalContainerEntityManagerFactoryBean : Initialized JPA EntityManagerFactory for persistence unit 'default'
2021-02-15 09:23:06.961  WARN 99154 --- [    Test worker] JpaBaseConfiguration$JpaWebConfiguration : spring.jpa.open-in-view is enabled by default. Therefore, database queries may be performed during view rendering. Explicitly configure spring.jpa.open-in-view to disable this warning
2021-02-15 09:23:07.055  INFO 99154 --- [    Test worker] o.s.s.web.DefaultSecurityFilterChain     : Creating filter chain: any request, [org.springframework.security.web.context.request.async.WebAsyncManagerIntegrationFilter@25a82c13, org.springframework.security.web.context.SecurityContextPersistenceFilter@1802540c, org.springframework.security.web.header.HeaderWriterFilter@495c6559, org.springframework.web.filter.CorsFilter@5d94b040, org.springframework.security.web.authentication.logout.LogoutFilter@2d1e2cfc, com.sample.person.config.filter.JWTAuthenticationFilter@d894a72, com.sample.person.config.filter.JWTAuthorizationFilter@4476e5b8, org.springframework.security.web.savedrequest.RequestCacheAwareFilter@78ca3b46, org.springframework.security.web.servletapi.SecurityContextHolderAwareRequestFilter@5296ffab, org.springframework.security.web.authentication.AnonymousAuthenticationFilter@20da8191, org.springframework.security.web.session.SessionManagementFilter@68e3b6d5, org.springframework.security.web.access.ExceptionTranslationFilter@2188340e, org.springframework.security.web.access.intercept.FilterSecurityInterceptor@65359073]
2021-02-15 09:23:07.109  INFO 99154 --- [    Test worker] o.s.s.concurrent.ThreadPoolTaskExecutor  : Initializing ExecutorService 'applicationTaskExecutor'
2021-02-15 09:23:07.391  WARN 99154 --- [    Test worker] ion$DefaultTemplateResolverConfiguration : Cannot find template location: classpath:/templates/ (please add some templates or check your Thymeleaf configuration)
2021-02-15 09:23:07.511  INFO 99154 --- [    Test worker] o.a.c.c.C.[Tomcat].[localhost].[/]       : Initializing Spring TestDispatcherServlet ''
2021-02-15 09:23:07.511  INFO 99154 --- [    Test worker] o.s.t.web.servlet.TestDispatcherServlet  : Initializing Servlet ''
2021-02-15 09:23:07.516  INFO 99154 --- [    Test worker] o.s.b.a.e.web.EndpointLinksResolver      : Exposing 2 endpoint(s) beneath base path '/actuator'
2021-02-15 09:23:07.534  INFO 99154 --- [    Test worker] o.s.t.web.servlet.TestDispatcherServlet  : Completed initialization in 23 ms
2021-02-15 09:23:07.555  INFO 99154 --- [    Test worker] o.s.b.w.embedded.tomcat.TomcatWebServer  : Tomcat started on port(s): 54356 (http) with context path ''
2021-02-15 09:23:07.556  INFO 99154 --- [    Test worker] c.s.p.i.PersonApiIntegrationTest         : Started PersonApiIntegrationTest in 1.369 seconds (JVM running for 9.968)
2021-02-15 09:23:07.566  INFO 99154 --- [    Test worker] c.s.p.controller.UserRestController      : Singing up new user - TestUser1
2021-02-15 09:23:07.703  INFO 99154 --- [    Test worker] c.s.p.service.UserDetailsServiceImpl     : Logged in user id - d74a23960f, name - TestUser1
2021-02-15 09:23:07.768  INFO 99154 --- [    Test worker] c.s.p.controller.UserRestController      : Singing up new user - TestUser2
2021-02-15 09:23:07.834  INFO 99154 --- [    Test worker] c.s.p.service.UserDetailsServiceImpl     : Logged in user id - b4fe770121, name - TestUser2
2021-02-15 09:23:07.905  INFO 99154 --- [    Test worker] c.s.p.controller.PersonRestController    : Inside PersonRestController createPerson
2021-02-15 09:23:07.905  INFO 99154 --- [    Test worker] com.sample.person.utils.ServiceUtils     : Validating request body
2021-02-15 09:23:07.905  INFO 99154 --- [    Test worker] c.s.person.service.PersonServiceImpl     : Current user : TestUser1
2021-02-15 09:23:07.906  INFO 99154 --- [    Test worker] c.s.person.service.PersonServiceImpl     : Creating person by user id - d74a23960f
2021-02-15 09:23:07.911  INFO 99154 --- [    Test worker] c.s.p.controller.PersonRestController    : Inside PersonRestController getAllPerson
2021-02-15 09:23:07.914  INFO 99154 --- [    Test worker] c.s.person.service.PersonServiceImpl     : Retrieved all person data PersonList{[Person{id='4beaafc6f1', createdAt=2021-02-15 09:23:07.907, modifiedAt=2021-02-15 09:23:07.907, firstName='John', age=35, lastName='Wick', favouriteColour='Black'}]}
2021-02-15 09:23:07.919  INFO 99154 --- [    Test worker] c.s.p.controller.PersonRestController    : Inside PersonRestController deletePersonById
2021-02-15 09:23:07.919  INFO 99154 --- [    Test worker] com.sample.person.utils.ServiceUtils     : Validating request body
2021-02-15 09:23:07.919  INFO 99154 --- [    Test worker] c.s.person.service.PersonServiceImpl     : Getting person by id: 4beaafc6f1
2021-02-15 09:23:07.920  INFO 99154 --- [    Test worker] c.s.person.service.PersonServiceImpl     : Deleting person for id - 4beaafc6f1
2021-02-15 09:23:07.930  INFO 99154 --- [    Test worker] c.s.p.controller.PersonRestController    : Inside PersonRestController getPersonById
2021-02-15 09:23:07.930  INFO 99154 --- [    Test worker] com.sample.person.utils.ServiceUtils     : Validating request body
2021-02-15 09:23:07.930  INFO 99154 --- [    Test worker] c.s.person.service.PersonServiceImpl     : Getting person by id: 4beaafc6f1
2021-02-15 09:23:07.938  INFO 99154 --- [    Test worker] o.s.s.concurrent.ThreadPoolTaskExecutor  : Shutting down ExecutorService 'applicationTaskExecutor'
2021-02-15 09:23:07.939  INFO 99154 --- [    Test worker] j.LocalContainerEntityManagerFactoryBean : Closing JPA EntityManagerFactory for persistence unit 'default'
2021-02-15 09:23:07.939  INFO 99154 --- [    Test worker] com.zaxxer.hikari.HikariDataSource       : HikariPool-3 - Shutdown initiated...
2021-02-15 09:23:07.940  INFO 99154 --- [    Test worker] com.zaxxer.hikari.HikariDataSource       : HikariPool-3 - Shutdown completed.

  .   ____          _            __ _ _
 /\\ / ___'_ __ _ _(_)_ __  __ _ \ \ \ \
( ( )\___ | '_ | '_| | '_ \/ _` | \ \ \ \
 \\/  ___)| |_)| | | | | || (_| |  ) ) ) )
  '  |____| .__|_| |_|_| |_\__, | / / / /
 =========|_|==============|___/=/_/_/_/
 :: Spring Boot ::        (v2.2.7.RELEASE)

2021-02-15 09:23:07.971  INFO 99154 --- [    Test worker] c.s.p.i.PersonApiIntegrationTest         : Starting PersonApiIntegrationTest on MC02XKC6WJG5H with PID 99154 (started by r909654 in /Users/r909654/Documents/person-service)
2021-02-15 09:23:07.972  INFO 99154 --- [    Test worker] c.s.p.i.PersonApiIntegrationTest         : No active profile set, falling back to default profiles: default
2021-02-15 09:23:08.140  INFO 99154 --- [    Test worker] .s.d.r.c.RepositoryConfigurationDelegate : Bootstrapping Spring Data JPA repositories in DEFAULT mode.
2021-02-15 09:23:08.153  INFO 99154 --- [    Test worker] .s.d.r.c.RepositoryConfigurationDelegate : Finished Spring Data repository scanning in 12ms. Found 2 JPA repository interfaces.
2021-02-15 09:23:08.265  INFO 99154 --- [    Test worker] o.s.b.w.embedded.tomcat.TomcatWebServer  : Tomcat initialized with port(s): 0 (http)
2021-02-15 09:23:08.265  INFO 99154 --- [    Test worker] o.apache.catalina.core.StandardService   : Starting service [Tomcat]
2021-02-15 09:23:08.266  INFO 99154 --- [    Test worker] org.apache.catalina.core.StandardEngine  : Starting Servlet engine: [Apache Tomcat/9.0.34]
2021-02-15 09:23:08.286  INFO 99154 --- [    Test worker] o.a.c.c.C.[Tomcat].[localhost].[/]       : Initializing Spring embedded WebApplicationContext
2021-02-15 09:23:08.286  INFO 99154 --- [    Test worker] o.s.web.context.ContextLoader            : Root WebApplicationContext: initialization completed in 313 ms
2021-02-15 09:23:08.384  INFO 99154 --- [    Test worker] com.zaxxer.hikari.HikariDataSource       : HikariPool-4 - Starting...
2021-02-15 09:23:08.386  INFO 99154 --- [    Test worker] com.zaxxer.hikari.HikariDataSource       : HikariPool-4 - Start completed.
2021-02-15 09:23:08.386  INFO 99154 --- [    Test worker] o.s.b.a.h2.H2ConsoleAutoConfiguration    : H2 console available at '/h2-console'. Database available at 'jdbc:h2:mem:testdb'
2021-02-15 09:23:08.564  INFO 99154 --- [    Test worker] o.hibernate.jpa.internal.util.LogHelper  : HHH000204: Processing PersistenceUnitInfo [name: default]
2021-02-15 09:23:08.568  INFO 99154 --- [    Test worker] org.hibernate.dialect.Dialect            : HHH000400: Using dialect: org.hibernate.dialect.H2Dialect
2021-02-15 09:23:08.604  INFO 99154 --- [    Test worker] o.h.e.t.j.p.i.JtaPlatformInitiator       : HHH000490: Using JtaPlatform implementation: [org.hibernate.engine.transaction.jta.platform.internal.NoJtaPlatform]
2021-02-15 09:23:08.605  INFO 99154 --- [    Test worker] j.LocalContainerEntityManagerFactoryBean : Initialized JPA EntityManagerFactory for persistence unit 'default'
2021-02-15 09:23:08.698  WARN 99154 --- [    Test worker] JpaBaseConfiguration$JpaWebConfiguration : spring.jpa.open-in-view is enabled by default. Therefore, database queries may be performed during view rendering. Explicitly configure spring.jpa.open-in-view to disable this warning
2021-02-15 09:23:08.794  INFO 99154 --- [    Test worker] o.s.s.web.DefaultSecurityFilterChain     : Creating filter chain: any request, [org.springframework.security.web.context.request.async.WebAsyncManagerIntegrationFilter@4e0901d1, org.springframework.security.web.context.SecurityContextPersistenceFilter@3f6c1481, org.springframework.security.web.header.HeaderWriterFilter@22ea8b42, org.springframework.web.filter.CorsFilter@61dd3929, org.springframework.security.web.authentication.logout.LogoutFilter@52207339, com.sample.person.config.filter.JWTAuthenticationFilter@285de595, com.sample.person.config.filter.JWTAuthorizationFilter@168c75ad, org.springframework.security.web.savedrequest.RequestCacheAwareFilter@4f4022a, org.springframework.security.web.servletapi.SecurityContextHolderAwareRequestFilter@72b2296d, org.springframework.security.web.authentication.AnonymousAuthenticationFilter@100df924, org.springframework.security.web.session.SessionManagementFilter@5c246bd2, org.springframework.security.web.access.ExceptionTranslationFilter@1b3412f4, org.springframework.security.web.access.intercept.FilterSecurityInterceptor@577d3249]
2021-02-15 09:23:08.857  INFO 99154 --- [    Test worker] o.s.s.concurrent.ThreadPoolTaskExecutor  : Initializing ExecutorService 'applicationTaskExecutor'
2021-02-15 09:23:09.091  WARN 99154 --- [    Test worker] ion$DefaultTemplateResolverConfiguration : Cannot find template location: classpath:/templates/ (please add some templates or check your Thymeleaf configuration)
2021-02-15 09:23:09.213  INFO 99154 --- [    Test worker] o.a.c.c.C.[Tomcat].[localhost].[/]       : Initializing Spring TestDispatcherServlet ''
2021-02-15 09:23:09.214  INFO 99154 --- [    Test worker] o.s.t.web.servlet.TestDispatcherServlet  : Initializing Servlet ''
2021-02-15 09:23:09.219  INFO 99154 --- [    Test worker] o.s.b.a.e.web.EndpointLinksResolver      : Exposing 2 endpoint(s) beneath base path '/actuator'
2021-02-15 09:23:09.237  INFO 99154 --- [    Test worker] o.s.t.web.servlet.TestDispatcherServlet  : Completed initialization in 23 ms
2021-02-15 09:23:09.260  INFO 99154 --- [    Test worker] o.s.b.w.embedded.tomcat.TomcatWebServer  : Tomcat started on port(s): 54358 (http) with context path ''
2021-02-15 09:23:09.261  INFO 99154 --- [    Test worker] c.s.p.i.PersonApiIntegrationTest         : Started PersonApiIntegrationTest in 1.309 seconds (JVM running for 11.673)
2021-02-15 09:23:09.271  INFO 99154 --- [    Test worker] c.s.p.controller.UserRestController      : Singing up new user - TestUser1
2021-02-15 09:23:09.408  INFO 99154 --- [    Test worker] c.s.p.service.UserDetailsServiceImpl     : Logged in user id - 294f3b9734, name - TestUser1
2021-02-15 09:23:09.474  INFO 99154 --- [    Test worker] c.s.p.controller.UserRestController      : Singing up new user - TestUser2
2021-02-15 09:23:09.540  INFO 99154 --- [    Test worker] c.s.p.service.UserDetailsServiceImpl     : Logged in user id - 7173f8173b, name - TestUser2
2021-02-15 09:23:09.611  INFO 99154 --- [    Test worker] c.s.p.controller.PersonRestController    : Inside PersonRestController createPerson
2021-02-15 09:23:09.611  INFO 99154 --- [    Test worker] com.sample.person.utils.ServiceUtils     : Validating request body
2021-02-15 09:23:09.611  INFO 99154 --- [    Test worker] c.s.person.service.PersonServiceImpl     : Current user : TestUser1
2021-02-15 09:23:09.612  INFO 99154 --- [    Test worker] c.s.person.service.PersonServiceImpl     : Creating person by user id - 294f3b9734
2021-02-15 09:23:09.617  INFO 99154 --- [    Test worker] c.s.p.controller.PersonRestController    : Inside PersonRestController getAllPerson
2021-02-15 09:23:09.619  INFO 99154 --- [    Test worker] c.s.person.service.PersonServiceImpl     : Retrieved all person data PersonList{[Person{id='d23906f57e', createdAt=2021-02-15 09:23:09.614, modifiedAt=2021-02-15 09:23:09.614, firstName='John', age=35, lastName='Wick', favouriteColour='Black'}]}
2021-02-15 09:23:09.662  INFO 99154 --- [    Test worker] o.s.s.concurrent.ThreadPoolTaskExecutor  : Shutting down ExecutorService 'applicationTaskExecutor'
2021-02-15 09:23:09.662  INFO 99154 --- [    Test worker] j.LocalContainerEntityManagerFactoryBean : Closing JPA EntityManagerFactory for persistence unit 'default'
2021-02-15 09:23:09.663  INFO 99154 --- [    Test worker] com.zaxxer.hikari.HikariDataSource       : HikariPool-4 - Shutdown initiated...
2021-02-15 09:23:09.665  INFO 99154 --- [    Test worker] com.zaxxer.hikari.HikariDataSource       : HikariPool-4 - Shutdown completed.

  .   ____          _            __ _ _
 /\\ / ___'_ __ _ _(_)_ __  __ _ \ \ \ \
( ( )\___ | '_ | '_| | '_ \/ _` | \ \ \ \
 \\/  ___)| |_)| | | | | || (_| |  ) ) ) )
  '  |____| .__|_| |_|_| |_\__, | / / / /
 =========|_|==============|___/=/_/_/_/
 :: Spring Boot ::        (v2.2.7.RELEASE)

2021-02-15 09:23:09.686  INFO 99154 --- [    Test worker] c.s.p.i.PersonApiIntegrationTest         : Starting PersonApiIntegrationTest on MC02XKC6WJG5H with PID 99154 (started by r909654 in /Users/r909654/Documents/person-service)
2021-02-15 09:23:09.686  INFO 99154 --- [    Test worker] c.s.p.i.PersonApiIntegrationTest         : No active profile set, falling back to default profiles: default
2021-02-15 09:23:09.848  INFO 99154 --- [    Test worker] .s.d.r.c.RepositoryConfigurationDelegate : Bootstrapping Spring Data JPA repositories in DEFAULT mode.
2021-02-15 09:23:09.861  INFO 99154 --- [    Test worker] .s.d.r.c.RepositoryConfigurationDelegate : Finished Spring Data repository scanning in 12ms. Found 2 JPA repository interfaces.
2021-02-15 09:23:09.969  INFO 99154 --- [    Test worker] o.s.b.w.embedded.tomcat.TomcatWebServer  : Tomcat initialized with port(s): 0 (http)
2021-02-15 09:23:09.970  INFO 99154 --- [    Test worker] o.apache.catalina.core.StandardService   : Starting service [Tomcat]
2021-02-15 09:23:09.970  INFO 99154 --- [    Test worker] org.apache.catalina.core.StandardEngine  : Starting Servlet engine: [Apache Tomcat/9.0.34]
2021-02-15 09:23:09.985  INFO 99154 --- [    Test worker] o.a.c.c.C.[Tomcat].[localhost].[/]       : Initializing Spring embedded WebApplicationContext
2021-02-15 09:23:09.985  INFO 99154 --- [    Test worker] o.s.web.context.ContextLoader            : Root WebApplicationContext: initialization completed in 298 ms
2021-02-15 09:23:10.076  INFO 99154 --- [    Test worker] com.zaxxer.hikari.HikariDataSource       : HikariPool-5 - Starting...
2021-02-15 09:23:10.078  INFO 99154 --- [    Test worker] com.zaxxer.hikari.HikariDataSource       : HikariPool-5 - Start completed.
2021-02-15 09:23:10.078  INFO 99154 --- [    Test worker] o.s.b.a.h2.H2ConsoleAutoConfiguration    : H2 console available at '/h2-console'. Database available at 'jdbc:h2:mem:testdb'
2021-02-15 09:23:10.265  INFO 99154 --- [    Test worker] o.hibernate.jpa.internal.util.LogHelper  : HHH000204: Processing PersistenceUnitInfo [name: default]
2021-02-15 09:23:10.269  INFO 99154 --- [    Test worker] org.hibernate.dialect.Dialect            : HHH000400: Using dialect: org.hibernate.dialect.H2Dialect
2021-02-15 09:23:10.310  INFO 99154 --- [    Test worker] o.h.e.t.j.p.i.JtaPlatformInitiator       : HHH000490: Using JtaPlatform implementation: [org.hibernate.engine.transaction.jta.platform.internal.NoJtaPlatform]
2021-02-15 09:23:10.310  INFO 99154 --- [    Test worker] j.LocalContainerEntityManagerFactoryBean : Initialized JPA EntityManagerFactory for persistence unit 'default'
2021-02-15 09:23:10.400  WARN 99154 --- [    Test worker] JpaBaseConfiguration$JpaWebConfiguration : spring.jpa.open-in-view is enabled by default. Therefore, database queries may be performed during view rendering. Explicitly configure spring.jpa.open-in-view to disable this warning
2021-02-15 09:23:10.487  INFO 99154 --- [    Test worker] o.s.s.web.DefaultSecurityFilterChain     : Creating filter chain: any request, [org.springframework.security.web.context.request.async.WebAsyncManagerIntegrationFilter@60cc9006, org.springframework.security.web.context.SecurityContextPersistenceFilter@5bef2b7a, org.springframework.security.web.header.HeaderWriterFilter@2fd19de5, org.springframework.web.filter.CorsFilter@2aa21ec9, org.springframework.security.web.authentication.logout.LogoutFilter@646d2bf6, com.sample.person.config.filter.JWTAuthenticationFilter@42e91004, com.sample.person.config.filter.JWTAuthorizationFilter@2b02d37b, org.springframework.security.web.savedrequest.RequestCacheAwareFilter@358f2a89, org.springframework.security.web.servletapi.SecurityContextHolderAwareRequestFilter@1612b768, org.springframework.security.web.authentication.AnonymousAuthenticationFilter@2fca3abd, org.springframework.security.web.session.SessionManagementFilter@3ba6062, org.springframework.security.web.access.ExceptionTranslationFilter@382ac49a, org.springframework.security.web.access.intercept.FilterSecurityInterceptor@10d01fb]
2021-02-15 09:23:10.545  INFO 99154 --- [    Test worker] o.s.s.concurrent.ThreadPoolTaskExecutor  : Initializing ExecutorService 'applicationTaskExecutor'
2021-02-15 09:23:10.801  WARN 99154 --- [    Test worker] ion$DefaultTemplateResolverConfiguration : Cannot find template location: classpath:/templates/ (please add some templates or check your Thymeleaf configuration)
2021-02-15 09:23:10.924  INFO 99154 --- [    Test worker] o.a.c.c.C.[Tomcat].[localhost].[/]       : Initializing Spring TestDispatcherServlet ''
2021-02-15 09:23:10.924  INFO 99154 --- [    Test worker] o.s.t.web.servlet.TestDispatcherServlet  : Initializing Servlet ''
2021-02-15 09:23:10.930  INFO 99154 --- [    Test worker] o.s.b.a.e.web.EndpointLinksResolver      : Exposing 2 endpoint(s) beneath base path '/actuator'
2021-02-15 09:23:10.952  INFO 99154 --- [    Test worker] o.s.t.web.servlet.TestDispatcherServlet  : Completed initialization in 28 ms
2021-02-15 09:23:10.983  INFO 99154 --- [    Test worker] o.s.b.w.embedded.tomcat.TomcatWebServer  : Tomcat started on port(s): 54360 (http) with context path ''
2021-02-15 09:23:10.984  INFO 99154 --- [    Test worker] c.s.p.i.PersonApiIntegrationTest         : Started PersonApiIntegrationTest in 1.313 seconds (JVM running for 13.396)
2021-02-15 09:23:10.993  INFO 99154 --- [    Test worker] c.s.p.controller.UserRestController      : Singing up new user - TestUser1
2021-02-15 09:23:11.129  INFO 99154 --- [    Test worker] c.s.p.service.UserDetailsServiceImpl     : Logged in user id - d5b781cb60, name - TestUser1
2021-02-15 09:23:11.196  INFO 99154 --- [    Test worker] c.s.p.controller.UserRestController      : Singing up new user - TestUser2
2021-02-15 09:23:11.275  INFO 99154 --- [    Test worker] c.s.p.service.UserDetailsServiceImpl     : Logged in user id - e499f6aad9, name - TestUser2
2021-02-15 09:23:11.349  INFO 99154 --- [    Test worker] c.s.p.controller.PersonRestController    : Inside PersonRestController createPerson
2021-02-15 09:23:11.350  INFO 99154 --- [    Test worker] com.sample.person.utils.ServiceUtils     : Validating request body
2021-02-15 09:23:11.350  INFO 99154 --- [    Test worker] c.s.person.service.PersonServiceImpl     : Current user : TestUser1
2021-02-15 09:23:11.350  INFO 99154 --- [    Test worker] c.s.person.service.PersonServiceImpl     : Creating person by user id - d5b781cb60
2021-02-15 09:23:11.355  INFO 99154 --- [    Test worker] c.s.p.controller.PersonRestController    : Inside PersonRestController getAllPerson
2021-02-15 09:23:11.357  INFO 99154 --- [    Test worker] c.s.person.service.PersonServiceImpl     : Retrieved all person data PersonList{[Person{id='3ad93e264e', createdAt=2021-02-15 09:23:11.352, modifiedAt=2021-02-15 09:23:11.352, firstName='John', age=35, lastName='Wick', favouriteColour='Black'}]}
2021-02-15 09:23:11.364  INFO 99154 --- [    Test worker] c.s.p.controller.PersonRestController    : Inside PersonRestController updatePersonById
2021-02-15 09:23:11.364  INFO 99154 --- [    Test worker] com.sample.person.utils.ServiceUtils     : Validating request body
2021-02-15 09:23:11.364  INFO 99154 --- [    Test worker] c.s.person.service.PersonServiceImpl     : Getting person by id: 3ad93e264e
2021-02-15 09:23:11.366  INFO 99154 --- [    Test worker] c.s.person.service.PersonServiceImpl     : Updating person for id - 3ad93e264e
2021-02-15 09:23:11.374  INFO 99154 --- [    Test worker] c.s.p.controller.PersonRestController    : Inside PersonRestController getAllPerson
2021-02-15 09:23:11.375  INFO 99154 --- [    Test worker] c.s.person.service.PersonServiceImpl     : Retrieved all person data PersonList{[Person{id='3ad93e264e', createdAt=2021-02-15 09:23:11.352, modifiedAt=2021-02-15 09:23:11.37, firstName='John', age=35, lastName='Wick', favouriteColour='White'}]}
2021-02-15 09:23:11.379  INFO 99154 --- [    Test worker] o.s.s.concurrent.ThreadPoolTaskExecutor  : Shutting down ExecutorService 'applicationTaskExecutor'
2021-02-15 09:23:11.380  INFO 99154 --- [    Test worker] j.LocalContainerEntityManagerFactoryBean : Closing JPA EntityManagerFactory for persistence unit 'default'
2021-02-15 09:23:11.381  INFO 99154 --- [    Test worker] com.zaxxer.hikari.HikariDataSource       : HikariPool-5 - Shutdown initiated...
2021-02-15 09:23:11.381  INFO 99154 --- [    Test worker] com.zaxxer.hikari.HikariDataSource       : HikariPool-5 - Shutdown completed.

  .   ____          _            __ _ _
 /\\ / ___'_ __ _ _(_)_ __  __ _ \ \ \ \
( ( )\___ | '_ | '_| | '_ \/ _` | \ \ \ \
 \\/  ___)| |_)| | | | | || (_| |  ) ) ) )
  '  |____| .__|_| |_|_| |_\__, | / / / /
 =========|_|==============|___/=/_/_/_/
 :: Spring Boot ::        (v2.2.7.RELEASE)

2021-02-15 09:23:11.404  INFO 99154 --- [    Test worker] c.s.p.i.PersonApiIntegrationTest         : Starting PersonApiIntegrationTest on MC02XKC6WJG5H with PID 99154 (started by r909654 in /Users/r909654/Documents/person-service)
2021-02-15 09:23:11.404  INFO 99154 --- [    Test worker] c.s.p.i.PersonApiIntegrationTest         : No active profile set, falling back to default profiles: default
2021-02-15 09:23:11.534  INFO 99154 --- [    Test worker] .s.d.r.c.RepositoryConfigurationDelegate : Bootstrapping Spring Data JPA repositories in DEFAULT mode.
2021-02-15 09:23:11.544  INFO 99154 --- [    Test worker] .s.d.r.c.RepositoryConfigurationDelegate : Finished Spring Data repository scanning in 10ms. Found 2 JPA repository interfaces.
2021-02-15 09:23:11.640  INFO 99154 --- [    Test worker] o.s.b.w.embedded.tomcat.TomcatWebServer  : Tomcat initialized with port(s): 0 (http)
2021-02-15 09:23:11.641  INFO 99154 --- [    Test worker] o.apache.catalina.core.StandardService   : Starting service [Tomcat]
2021-02-15 09:23:11.641  INFO 99154 --- [    Test worker] org.apache.catalina.core.StandardEngine  : Starting Servlet engine: [Apache Tomcat/9.0.34]
2021-02-15 09:23:11.659  INFO 99154 --- [    Test worker] o.a.c.c.C.[Tomcat].[localhost].[/]       : Initializing Spring embedded WebApplicationContext
2021-02-15 09:23:11.659  INFO 99154 --- [    Test worker] o.s.web.context.ContextLoader            : Root WebApplicationContext: initialization completed in 254 ms
2021-02-15 09:23:11.742  INFO 99154 --- [    Test worker] com.zaxxer.hikari.HikariDataSource       : HikariPool-6 - Starting...
2021-02-15 09:23:11.744  INFO 99154 --- [    Test worker] com.zaxxer.hikari.HikariDataSource       : HikariPool-6 - Start completed.
2021-02-15 09:23:11.744  INFO 99154 --- [    Test worker] o.s.b.a.h2.H2ConsoleAutoConfiguration    : H2 console available at '/h2-console'. Database available at 'jdbc:h2:mem:testdb'
2021-02-15 09:23:11.913  INFO 99154 --- [    Test worker] o.hibernate.jpa.internal.util.LogHelper  : HHH000204: Processing PersistenceUnitInfo [name: default]
2021-02-15 09:23:11.916  INFO 99154 --- [    Test worker] org.hibernate.dialect.Dialect            : HHH000400: Using dialect: org.hibernate.dialect.H2Dialect
2021-02-15 09:23:11.948  INFO 99154 --- [    Test worker] o.h.e.t.j.p.i.JtaPlatformInitiator       : HHH000490: Using JtaPlatform implementation: [org.hibernate.engine.transaction.jta.platform.internal.NoJtaPlatform]
2021-02-15 09:23:11.948  INFO 99154 --- [    Test worker] j.LocalContainerEntityManagerFactoryBean : Initialized JPA EntityManagerFactory for persistence unit 'default'
2021-02-15 09:23:12.037  WARN 99154 --- [    Test worker] JpaBaseConfiguration$JpaWebConfiguration : spring.jpa.open-in-view is enabled by default. Therefore, database queries may be performed during view rendering. Explicitly configure spring.jpa.open-in-view to disable this warning
2021-02-15 09:23:12.135  INFO 99154 --- [    Test worker] o.s.s.web.DefaultSecurityFilterChain     : Creating filter chain: any request, [org.springframework.security.web.context.request.async.WebAsyncManagerIntegrationFilter@4e595845, org.springframework.security.web.context.SecurityContextPersistenceFilter@2f4c9abe, org.springframework.security.web.header.HeaderWriterFilter@583c653e, org.springframework.web.filter.CorsFilter@3cd1938c, org.springframework.security.web.authentication.logout.LogoutFilter@3f19d796, com.sample.person.config.filter.JWTAuthenticationFilter@4a2f405, com.sample.person.config.filter.JWTAuthorizationFilter@4a01476b, org.springframework.security.web.savedrequest.RequestCacheAwareFilter@33d9c53a, org.springframework.security.web.servletapi.SecurityContextHolderAwareRequestFilter@8f743ea, org.springframework.security.web.authentication.AnonymousAuthenticationFilter@4e9ea51e, org.springframework.security.web.session.SessionManagementFilter@7c400007, org.springframework.security.web.access.ExceptionTranslationFilter@1d90332e, org.springframework.security.web.access.intercept.FilterSecurityInterceptor@d187ea4]
2021-02-15 09:23:12.195  INFO 99154 --- [    Test worker] o.s.s.concurrent.ThreadPoolTaskExecutor  : Initializing ExecutorService 'applicationTaskExecutor'
2021-02-15 09:23:12.433  WARN 99154 --- [    Test worker] ion$DefaultTemplateResolverConfiguration : Cannot find template location: classpath:/templates/ (please add some templates or check your Thymeleaf configuration)
2021-02-15 09:23:12.550  INFO 99154 --- [    Test worker] o.a.c.c.C.[Tomcat].[localhost].[/]       : Initializing Spring TestDispatcherServlet ''
2021-02-15 09:23:12.550  INFO 99154 --- [    Test worker] o.s.t.web.servlet.TestDispatcherServlet  : Initializing Servlet ''
2021-02-15 09:23:12.555  INFO 99154 --- [    Test worker] o.s.b.a.e.web.EndpointLinksResolver      : Exposing 2 endpoint(s) beneath base path '/actuator'
2021-02-15 09:23:12.573  INFO 99154 --- [    Test worker] o.s.t.web.servlet.TestDispatcherServlet  : Completed initialization in 23 ms
2021-02-15 09:23:12.593  INFO 99154 --- [    Test worker] o.s.b.w.embedded.tomcat.TomcatWebServer  : Tomcat started on port(s): 54362 (http) with context path ''
2021-02-15 09:23:12.593  INFO 99154 --- [    Test worker] c.s.p.i.PersonApiIntegrationTest         : Started PersonApiIntegrationTest in 1.202 seconds (JVM running for 15.005)
2021-02-15 09:23:12.603  INFO 99154 --- [    Test worker] c.s.p.controller.UserRestController      : Singing up new user - TestUser1
2021-02-15 09:23:12.740  INFO 99154 --- [    Test worker] c.s.p.service.UserDetailsServiceImpl     : Logged in user id - e4e4342049, name - TestUser1
2021-02-15 09:23:12.805  INFO 99154 --- [    Test worker] c.s.p.controller.UserRestController      : Singing up new user - TestUser2
2021-02-15 09:23:12.871  INFO 99154 --- [    Test worker] c.s.p.service.UserDetailsServiceImpl     : Logged in user id - bc2ffac5c7, name - TestUser2
2021-02-15 09:23:12.936  INFO 99154 --- [    Test worker] c.s.p.controller.PersonRestController    : Inside PersonRestController deletePersonById
2021-02-15 09:23:12.936  INFO 99154 --- [    Test worker] com.sample.person.utils.ServiceUtils     : Validating request body
2021-02-15 09:23:12.936  INFO 99154 --- [    Test worker] c.s.person.service.PersonServiceImpl     : Getting person by id: 1
2021-02-15 09:23:12.942  INFO 99154 --- [    Test worker] o.s.s.concurrent.ThreadPoolTaskExecutor  : Shutting down ExecutorService 'applicationTaskExecutor'
2021-02-15 09:23:12.943  INFO 99154 --- [    Test worker] j.LocalContainerEntityManagerFactoryBean : Closing JPA EntityManagerFactory for persistence unit 'default'
2021-02-15 09:23:12.943  INFO 99154 --- [    Test worker] com.zaxxer.hikari.HikariDataSource       : HikariPool-6 - Shutdown initiated...
2021-02-15 09:23:12.944  INFO 99154 --- [    Test worker] com.zaxxer.hikari.HikariDataSource       : HikariPool-6 - Shutdown completed.

  .   ____          _            __ _ _
 /\\ / ___'_ __ _ _(_)_ __  __ _ \ \ \ \
( ( )\___ | '_ | '_| | '_ \/ _` | \ \ \ \
 \\/  ___)| |_)| | | | | || (_| |  ) ) ) )
  '  |____| .__|_| |_|_| |_\__, | / / / /
 =========|_|==============|___/=/_/_/_/
 :: Spring Boot ::        (v2.2.7.RELEASE)

2021-02-15 09:23:12.967  INFO 99154 --- [    Test worker] c.s.p.i.PersonApiIntegrationTest         : Starting PersonApiIntegrationTest on MC02XKC6WJG5H with PID 99154 (started by r909654 in /Users/r909654/Documents/person-service)
2021-02-15 09:23:12.967  INFO 99154 --- [    Test worker] c.s.p.i.PersonApiIntegrationTest         : No active profile set, falling back to default profiles: default
2021-02-15 09:23:13.107  INFO 99154 --- [    Test worker] .s.d.r.c.RepositoryConfigurationDelegate : Bootstrapping Spring Data JPA repositories in DEFAULT mode.
2021-02-15 09:23:13.122  INFO 99154 --- [    Test worker] .s.d.r.c.RepositoryConfigurationDelegate : Finished Spring Data repository scanning in 14ms. Found 2 JPA repository interfaces.
2021-02-15 09:23:13.223  INFO 99154 --- [    Test worker] o.s.b.w.embedded.tomcat.TomcatWebServer  : Tomcat initialized with port(s): 0 (http)
2021-02-15 09:23:13.223  INFO 99154 --- [    Test worker] o.apache.catalina.core.StandardService   : Starting service [Tomcat]
2021-02-15 09:23:13.223  INFO 99154 --- [    Test worker] org.apache.catalina.core.StandardEngine  : Starting Servlet engine: [Apache Tomcat/9.0.34]
2021-02-15 09:23:13.237  INFO 99154 --- [    Test worker] o.a.c.c.C.[Tomcat].[localhost].[/]       : Initializing Spring embedded WebApplicationContext
2021-02-15 09:23:13.237  INFO 99154 --- [    Test worker] o.s.web.context.ContextLoader            : Root WebApplicationContext: initialization completed in 269 ms
2021-02-15 09:23:13.320  INFO 99154 --- [    Test worker] com.zaxxer.hikari.HikariDataSource       : HikariPool-7 - Starting...
2021-02-15 09:23:13.321  INFO 99154 --- [    Test worker] com.zaxxer.hikari.HikariDataSource       : HikariPool-7 - Start completed.
2021-02-15 09:23:13.321  INFO 99154 --- [    Test worker] o.s.b.a.h2.H2ConsoleAutoConfiguration    : H2 console available at '/h2-console'. Database available at 'jdbc:h2:mem:testdb'
2021-02-15 09:23:13.486  INFO 99154 --- [    Test worker] o.hibernate.jpa.internal.util.LogHelper  : HHH000204: Processing PersistenceUnitInfo [name: default]
2021-02-15 09:23:13.489  INFO 99154 --- [    Test worker] org.hibernate.dialect.Dialect            : HHH000400: Using dialect: org.hibernate.dialect.H2Dialect
2021-02-15 09:23:13.523  INFO 99154 --- [    Test worker] o.h.e.t.j.p.i.JtaPlatformInitiator       : HHH000490: Using JtaPlatform implementation: [org.hibernate.engine.transaction.jta.platform.internal.NoJtaPlatform]
2021-02-15 09:23:13.524  INFO 99154 --- [    Test worker] j.LocalContainerEntityManagerFactoryBean : Initialized JPA EntityManagerFactory for persistence unit 'default'
2021-02-15 09:23:13.609  WARN 99154 --- [    Test worker] JpaBaseConfiguration$JpaWebConfiguration : spring.jpa.open-in-view is enabled by default. Therefore, database queries may be performed during view rendering. Explicitly configure spring.jpa.open-in-view to disable this warning
2021-02-15 09:23:13.685  INFO 99154 --- [    Test worker] o.s.s.web.DefaultSecurityFilterChain     : Creating filter chain: any request, [org.springframework.security.web.context.request.async.WebAsyncManagerIntegrationFilter@4eb19c, org.springframework.security.web.context.SecurityContextPersistenceFilter@53a7518b, org.springframework.security.web.header.HeaderWriterFilter@43d5b19a, org.springframework.web.filter.CorsFilter@577c22ed, org.springframework.security.web.authentication.logout.LogoutFilter@72acf5ad, com.sample.person.config.filter.JWTAuthenticationFilter@428a14e6, com.sample.person.config.filter.JWTAuthorizationFilter@b7d009f, org.springframework.security.web.savedrequest.RequestCacheAwareFilter@5f48920c, org.springframework.security.web.servletapi.SecurityContextHolderAwareRequestFilter@31ffb11e, org.springframework.security.web.authentication.AnonymousAuthenticationFilter@7e4a823d, org.springframework.security.web.session.SessionManagementFilter@5abe00bb, org.springframework.security.web.access.ExceptionTranslationFilter@277572c9, org.springframework.security.web.access.intercept.FilterSecurityInterceptor@1aaa629a]
2021-02-15 09:23:13.729  INFO 99154 --- [    Test worker] o.s.s.concurrent.ThreadPoolTaskExecutor  : Initializing ExecutorService 'applicationTaskExecutor'
2021-02-15 09:23:13.955  WARN 99154 --- [    Test worker] ion$DefaultTemplateResolverConfiguration : Cannot find template location: classpath:/templates/ (please add some templates or check your Thymeleaf configuration)
2021-02-15 09:23:14.054  INFO 99154 --- [    Test worker] o.a.c.c.C.[Tomcat].[localhost].[/]       : Initializing Spring TestDispatcherServlet ''
2021-02-15 09:23:14.054  INFO 99154 --- [    Test worker] o.s.t.web.servlet.TestDispatcherServlet  : Initializing Servlet ''
2021-02-15 09:23:14.059  INFO 99154 --- [    Test worker] o.s.b.a.e.web.EndpointLinksResolver      : Exposing 2 endpoint(s) beneath base path '/actuator'
2021-02-15 09:23:14.075  INFO 99154 --- [    Test worker] o.s.t.web.servlet.TestDispatcherServlet  : Completed initialization in 21 ms
2021-02-15 09:23:14.093  INFO 99154 --- [    Test worker] o.s.b.w.embedded.tomcat.TomcatWebServer  : Tomcat started on port(s): 54365 (http) with context path ''
2021-02-15 09:23:14.093  INFO 99154 --- [    Test worker] c.s.p.i.PersonApiIntegrationTest         : Started PersonApiIntegrationTest in 1.138 seconds (JVM running for 16.505)
2021-02-15 09:23:14.102  INFO 99154 --- [    Test worker] c.s.p.controller.UserRestController      : Singing up new user - TestUser1
2021-02-15 09:23:14.237  INFO 99154 --- [    Test worker] c.s.p.service.UserDetailsServiceImpl     : Logged in user id - 9a71399e9e, name - TestUser1
2021-02-15 09:23:14.302  INFO 99154 --- [    Test worker] c.s.p.controller.UserRestController      : Singing up new user - TestUser2
2021-02-15 09:23:14.369  INFO 99154 --- [    Test worker] c.s.p.service.UserDetailsServiceImpl     : Logged in user id - e77d3dfcb3, name - TestUser2
2021-02-15 09:23:14.438  INFO 99154 --- [    Test worker] c.s.p.controller.PersonRestController    : Inside PersonRestController createPerson
2021-02-15 09:23:14.438  INFO 99154 --- [    Test worker] com.sample.person.utils.ServiceUtils     : Validating request body
2021-02-15 09:23:14.438  INFO 99154 --- [    Test worker] c.s.person.service.PersonServiceImpl     : Current user : TestUser1
2021-02-15 09:23:14.439  INFO 99154 --- [    Test worker] c.s.person.service.PersonServiceImpl     : Creating person by user id - 9a71399e9e
2021-02-15 09:23:14.443  INFO 99154 --- [    Test worker] c.s.p.controller.PersonRestController    : Inside PersonRestController getAllPerson
2021-02-15 09:23:14.445  INFO 99154 --- [    Test worker] c.s.person.service.PersonServiceImpl     : Retrieved all person data PersonList{[Person{id='63f1e51e27', createdAt=2021-02-15 09:23:14.44, modifiedAt=2021-02-15 09:23:14.44, firstName='John', age=35, lastName='Wick', favouriteColour='Black'}]}
2021-02-15 09:23:14.450  INFO 99154 --- [    Test worker] o.s.s.concurrent.ThreadPoolTaskExecutor  : Shutting down ExecutorService 'applicationTaskExecutor'
2021-02-15 09:23:14.451  INFO 99154 --- [    Test worker] j.LocalContainerEntityManagerFactoryBean : Closing JPA EntityManagerFactory for persistence unit 'default'
2021-02-15 09:23:14.451  INFO 99154 --- [    Test worker] com.zaxxer.hikari.HikariDataSource       : HikariPool-7 - Shutdown initiated...
2021-02-15 09:23:14.451  INFO 99154 --- [    Test worker] com.zaxxer.hikari.HikariDataSource       : HikariPool-7 - Shutdown completed.

  .   ____          _            __ _ _
 /\\ / ___'_ __ _ _(_)_ __  __ _ \ \ \ \
( ( )\___ | '_ | '_| | '_ \/ _` | \ \ \ \
 \\/  ___)| |_)| | | | | || (_| |  ) ) ) )
  '  |____| .__|_| |_|_| |_\__, | / / / /
 =========|_|==============|___/=/_/_/_/
 :: Spring Boot ::        (v2.2.7.RELEASE)

2021-02-15 09:23:14.471  INFO 99154 --- [    Test worker] c.s.p.i.PersonApiIntegrationTest         : Starting PersonApiIntegrationTest on MC02XKC6WJG5H with PID 99154 (started by r909654 in /Users/r909654/Documents/person-service)
2021-02-15 09:23:14.471  INFO 99154 --- [    Test worker] c.s.p.i.PersonApiIntegrationTest         : No active profile set, falling back to default profiles: default
2021-02-15 09:23:14.601  INFO 99154 --- [    Test worker] .s.d.r.c.RepositoryConfigurationDelegate : Bootstrapping Spring Data JPA repositories in DEFAULT mode.
2021-02-15 09:23:14.613  INFO 99154 --- [    Test worker] .s.d.r.c.RepositoryConfigurationDelegate : Finished Spring Data repository scanning in 11ms. Found 2 JPA repository interfaces.
2021-02-15 09:23:14.714  INFO 99154 --- [    Test worker] o.s.b.w.embedded.tomcat.TomcatWebServer  : Tomcat initialized with port(s): 0 (http)
2021-02-15 09:23:14.714  INFO 99154 --- [    Test worker] o.apache.catalina.core.StandardService   : Starting service [Tomcat]
2021-02-15 09:23:14.715  INFO 99154 --- [    Test worker] org.apache.catalina.core.StandardEngine  : Starting Servlet engine: [Apache Tomcat/9.0.34]
2021-02-15 09:23:14.729  INFO 99154 --- [    Test worker] o.a.c.c.C.[Tomcat].[localhost].[/]       : Initializing Spring embedded WebApplicationContext
2021-02-15 09:23:14.729  INFO 99154 --- [    Test worker] o.s.web.context.ContextLoader            : Root WebApplicationContext: initialization completed in 257 ms
2021-02-15 09:23:14.821  INFO 99154 --- [    Test worker] com.zaxxer.hikari.HikariDataSource       : HikariPool-8 - Starting...
2021-02-15 09:23:14.823  INFO 99154 --- [    Test worker] com.zaxxer.hikari.HikariDataSource       : HikariPool-8 - Start completed.
2021-02-15 09:23:14.823  INFO 99154 --- [    Test worker] o.s.b.a.h2.H2ConsoleAutoConfiguration    : H2 console available at '/h2-console'. Database available at 'jdbc:h2:mem:testdb'
2021-02-15 09:23:14.993  INFO 99154 --- [    Test worker] o.hibernate.jpa.internal.util.LogHelper  : HHH000204: Processing PersistenceUnitInfo [name: default]
2021-02-15 09:23:14.996  INFO 99154 --- [    Test worker] org.hibernate.dialect.Dialect            : HHH000400: Using dialect: org.hibernate.dialect.H2Dialect
2021-02-15 09:23:15.024  INFO 99154 --- [    Test worker] o.h.e.t.j.p.i.JtaPlatformInitiator       : HHH000490: Using JtaPlatform implementation: [org.hibernate.engine.transaction.jta.platform.internal.NoJtaPlatform]
2021-02-15 09:23:15.024  INFO 99154 --- [    Test worker] j.LocalContainerEntityManagerFactoryBean : Initialized JPA EntityManagerFactory for persistence unit 'default'
2021-02-15 09:23:15.096  WARN 99154 --- [    Test worker] JpaBaseConfiguration$JpaWebConfiguration : spring.jpa.open-in-view is enabled by default. Therefore, database queries may be performed during view rendering. Explicitly configure spring.jpa.open-in-view to disable this warning
2021-02-15 09:23:15.185  INFO 99154 --- [    Test worker] o.s.s.web.DefaultSecurityFilterChain     : Creating filter chain: any request, [org.springframework.security.web.context.request.async.WebAsyncManagerIntegrationFilter@594fbbb5, org.springframework.security.web.context.SecurityContextPersistenceFilter@58ac758a, org.springframework.security.web.header.HeaderWriterFilter@7ade6492, org.springframework.web.filter.CorsFilter@14195929, org.springframework.security.web.authentication.logout.LogoutFilter@59cda18d, com.sample.person.config.filter.JWTAuthenticationFilter@6c7cbaaf, com.sample.person.config.filter.JWTAuthorizationFilter@6d067743, org.springframework.security.web.savedrequest.RequestCacheAwareFilter@1aae2626, org.springframework.security.web.servletapi.SecurityContextHolderAwareRequestFilter@135d2b15, org.springframework.security.web.authentication.AnonymousAuthenticationFilter@49b0eb45, org.springframework.security.web.session.SessionManagementFilter@7cc1a379, org.springframework.security.web.access.ExceptionTranslationFilter@4ac10031, org.springframework.security.web.access.intercept.FilterSecurityInterceptor@2e25ebc8]
2021-02-15 09:23:15.236  INFO 99154 --- [    Test worker] o.s.s.concurrent.ThreadPoolTaskExecutor  : Initializing ExecutorService 'applicationTaskExecutor'
2021-02-15 09:23:15.468  WARN 99154 --- [    Test worker] ion$DefaultTemplateResolverConfiguration : Cannot find template location: classpath:/templates/ (please add some templates or check your Thymeleaf configuration)
2021-02-15 09:23:15.571  INFO 99154 --- [    Test worker] o.a.c.c.C.[Tomcat].[localhost].[/]       : Initializing Spring TestDispatcherServlet ''
2021-02-15 09:23:15.571  INFO 99154 --- [    Test worker] o.s.t.web.servlet.TestDispatcherServlet  : Initializing Servlet ''
2021-02-15 09:23:15.576  INFO 99154 --- [    Test worker] o.s.b.a.e.web.EndpointLinksResolver      : Exposing 2 endpoint(s) beneath base path '/actuator'
2021-02-15 09:23:15.592  INFO 99154 --- [    Test worker] o.s.t.web.servlet.TestDispatcherServlet  : Completed initialization in 21 ms
2021-02-15 09:23:15.610  INFO 99154 --- [    Test worker] o.s.b.w.embedded.tomcat.TomcatWebServer  : Tomcat started on port(s): 54367 (http) with context path ''
2021-02-15 09:23:15.611  INFO 99154 --- [    Test worker] c.s.p.i.PersonApiIntegrationTest         : Started PersonApiIntegrationTest in 1.15 seconds (JVM running for 18.023)
2021-02-15 09:23:15.619  INFO 99154 --- [    Test worker] c.s.p.controller.UserRestController      : Singing up new user - TestUser1
2021-02-15 09:23:15.752  INFO 99154 --- [    Test worker] c.s.p.service.UserDetailsServiceImpl     : Logged in user id - e030a7a8f9, name - TestUser1
2021-02-15 09:23:15.817  INFO 99154 --- [    Test worker] c.s.p.controller.UserRestController      : Singing up new user - TestUser2
2021-02-15 09:23:15.882  INFO 99154 --- [    Test worker] c.s.p.service.UserDetailsServiceImpl     : Logged in user id - 32bb1e2e7e, name - TestUser2
2021-02-15 09:23:15.947  WARN 99154 --- [    Test worker] o.s.web.servlet.PageNotFound             : Request method 'DELETE' not supported
2021-02-15 09:23:15.951  INFO 99154 --- [    Test worker] o.s.s.concurrent.ThreadPoolTaskExecutor  : Shutting down ExecutorService 'applicationTaskExecutor'
2021-02-15 09:23:15.952  INFO 99154 --- [    Test worker] j.LocalContainerEntityManagerFactoryBean : Closing JPA EntityManagerFactory for persistence unit 'default'
2021-02-15 09:23:15.952  INFO 99154 --- [    Test worker] com.zaxxer.hikari.HikariDataSource       : HikariPool-8 - Shutdown initiated...
2021-02-15 09:23:15.953  INFO 99154 --- [    Test worker] com.zaxxer.hikari.HikariDataSource       : HikariPool-8 - Shutdown completed.

  .   ____          _            __ _ _
 /\\ / ___'_ __ _ _(_)_ __  __ _ \ \ \ \
( ( )\___ | '_ | '_| | '_ \/ _` | \ \ \ \
 \\/  ___)| |_)| | | | | || (_| |  ) ) ) )
  '  |____| .__|_| |_|_| |_\__, | / / / /
 =========|_|==============|___/=/_/_/_/
 :: Spring Boot ::        (v2.2.7.RELEASE)

2021-02-15 09:23:15.979  INFO 99154 --- [    Test worker] c.s.p.i.PersonApiIntegrationTest         : Starting PersonApiIntegrationTest on MC02XKC6WJG5H with PID 99154 (started by r909654 in /Users/r909654/Documents/person-service)
2021-02-15 09:23:15.979  INFO 99154 --- [    Test worker] c.s.p.i.PersonApiIntegrationTest         : No active profile set, falling back to default profiles: default
2021-02-15 09:23:16.120  INFO 99154 --- [    Test worker] .s.d.r.c.RepositoryConfigurationDelegate : Bootstrapping Spring Data JPA repositories in DEFAULT mode.
2021-02-15 09:23:16.132  INFO 99154 --- [    Test worker] .s.d.r.c.RepositoryConfigurationDelegate : Finished Spring Data repository scanning in 11ms. Found 2 JPA repository interfaces.
2021-02-15 09:23:16.230  INFO 99154 --- [    Test worker] o.s.b.w.embedded.tomcat.TomcatWebServer  : Tomcat initialized with port(s): 0 (http)
2021-02-15 09:23:16.230  INFO 99154 --- [    Test worker] o.apache.catalina.core.StandardService   : Starting service [Tomcat]
2021-02-15 09:23:16.231  INFO 99154 --- [    Test worker] org.apache.catalina.core.StandardEngine  : Starting Servlet engine: [Apache Tomcat/9.0.34]
2021-02-15 09:23:16.249  INFO 99154 --- [    Test worker] o.a.c.c.C.[Tomcat].[localhost].[/]       : Initializing Spring embedded WebApplicationContext
2021-02-15 09:23:16.249  INFO 99154 --- [    Test worker] o.s.web.context.ContextLoader            : Root WebApplicationContext: initialization completed in 269 ms
2021-02-15 09:23:16.340  INFO 99154 --- [    Test worker] com.zaxxer.hikari.HikariDataSource       : HikariPool-9 - Starting...
2021-02-15 09:23:16.342  INFO 99154 --- [    Test worker] com.zaxxer.hikari.HikariDataSource       : HikariPool-9 - Start completed.
2021-02-15 09:23:16.342  INFO 99154 --- [    Test worker] o.s.b.a.h2.H2ConsoleAutoConfiguration    : H2 console available at '/h2-console'. Database available at 'jdbc:h2:mem:testdb'
2021-02-15 09:23:16.510  INFO 99154 --- [    Test worker] o.hibernate.jpa.internal.util.LogHelper  : HHH000204: Processing PersistenceUnitInfo [name: default]
2021-02-15 09:23:16.513  INFO 99154 --- [    Test worker] org.hibernate.dialect.Dialect            : HHH000400: Using dialect: org.hibernate.dialect.H2Dialect
2021-02-15 09:23:16.543  INFO 99154 --- [    Test worker] o.h.e.t.j.p.i.JtaPlatformInitiator       : HHH000490: Using JtaPlatform implementation: [org.hibernate.engine.transaction.jta.platform.internal.NoJtaPlatform]
2021-02-15 09:23:16.544  INFO 99154 --- [    Test worker] j.LocalContainerEntityManagerFactoryBean : Initialized JPA EntityManagerFactory for persistence unit 'default'
2021-02-15 09:23:16.614  WARN 99154 --- [    Test worker] JpaBaseConfiguration$JpaWebConfiguration : spring.jpa.open-in-view is enabled by default. Therefore, database queries may be performed during view rendering. Explicitly configure spring.jpa.open-in-view to disable this warning
2021-02-15 09:23:16.691  INFO 99154 --- [    Test worker] o.s.s.web.DefaultSecurityFilterChain     : Creating filter chain: any request, [org.springframework.security.web.context.request.async.WebAsyncManagerIntegrationFilter@6c18fd10, org.springframework.security.web.context.SecurityContextPersistenceFilter@4f2144c8, org.springframework.security.web.header.HeaderWriterFilter@746e93bd, org.springframework.web.filter.CorsFilter@4908e87f, org.springframework.security.web.authentication.logout.LogoutFilter@1256a76e, com.sample.person.config.filter.JWTAuthenticationFilter@54c0bf20, com.sample.person.config.filter.JWTAuthorizationFilter@5f3ac82, org.springframework.security.web.savedrequest.RequestCacheAwareFilter@1518fa4a, org.springframework.security.web.servletapi.SecurityContextHolderAwareRequestFilter@15eb702f, org.springframework.security.web.authentication.AnonymousAuthenticationFilter@2ea83151, org.springframework.security.web.session.SessionManagementFilter@4570f9b3, org.springframework.security.web.access.ExceptionTranslationFilter@684644b2, org.springframework.security.web.access.intercept.FilterSecurityInterceptor@1678e351]
2021-02-15 09:23:16.733  INFO 99154 --- [    Test worker] o.s.s.concurrent.ThreadPoolTaskExecutor  : Initializing ExecutorService 'applicationTaskExecutor'
2021-02-15 09:23:16.952  WARN 99154 --- [    Test worker] ion$DefaultTemplateResolverConfiguration : Cannot find template location: classpath:/templates/ (please add some templates or check your Thymeleaf configuration)
2021-02-15 09:23:17.047  INFO 99154 --- [    Test worker] o.a.c.c.C.[Tomcat].[localhost].[/]       : Initializing Spring TestDispatcherServlet ''
2021-02-15 09:23:17.047  INFO 99154 --- [    Test worker] o.s.t.web.servlet.TestDispatcherServlet  : Initializing Servlet ''
2021-02-15 09:23:17.054  INFO 99154 --- [    Test worker] o.s.b.a.e.web.EndpointLinksResolver      : Exposing 2 endpoint(s) beneath base path '/actuator'
2021-02-15 09:23:17.071  INFO 99154 --- [    Test worker] o.s.t.web.servlet.TestDispatcherServlet  : Completed initialization in 24 ms
2021-02-15 09:23:17.090  INFO 99154 --- [    Test worker] o.s.b.w.embedded.tomcat.TomcatWebServer  : Tomcat started on port(s): 54369 (http) with context path ''
2021-02-15 09:23:17.091  INFO 99154 --- [    Test worker] c.s.p.i.PersonApiIntegrationTest         : Started PersonApiIntegrationTest in 1.127 seconds (JVM running for 19.503)
2021-02-15 09:23:17.101  INFO 99154 --- [    Test worker] c.s.p.controller.UserRestController      : Singing up new user - TestUser1
2021-02-15 09:23:17.236  INFO 99154 --- [    Test worker] c.s.p.service.UserDetailsServiceImpl     : Logged in user id - 9d1f892d5a, name - TestUser1
2021-02-15 09:23:17.301  INFO 99154 --- [    Test worker] c.s.p.controller.UserRestController      : Singing up new user - TestUser2
2021-02-15 09:23:17.368  INFO 99154 --- [    Test worker] c.s.p.service.UserDetailsServiceImpl     : Logged in user id - 8463165583, name - TestUser2
2021-02-15 09:23:17.433  INFO 99154 --- [    Test worker] c.s.p.controller.PersonRestController    : Inside PersonRestController getAllPerson
2021-02-15 09:23:17.434  INFO 99154 --- [    Test worker] c.s.person.service.PersonServiceImpl     : No person found in database
2021-02-15 09:23:17.438  INFO 99154 --- [    Test worker] o.s.s.concurrent.ThreadPoolTaskExecutor  : Shutting down ExecutorService 'applicationTaskExecutor'
2021-02-15 09:23:17.439  INFO 99154 --- [    Test worker] j.LocalContainerEntityManagerFactoryBean : Closing JPA EntityManagerFactory for persistence unit 'default'
2021-02-15 09:23:17.439  INFO 99154 --- [    Test worker] com.zaxxer.hikari.HikariDataSource       : HikariPool-9 - Shutdown initiated...
2021-02-15 09:23:17.439  INFO 99154 --- [    Test worker] com.zaxxer.hikari.HikariDataSource       : HikariPool-9 - Shutdown completed.

  .   ____          _            __ _ _
 /\\ / ___'_ __ _ _(_)_ __  __ _ \ \ \ \
( ( )\___ | '_ | '_| | '_ \/ _` | \ \ \ \
 \\/  ___)| |_)| | | | | || (_| |  ) ) ) )
  '  |____| .__|_| |_|_| |_\__, | / / / /
 =========|_|==============|___/=/_/_/_/
 :: Spring Boot ::        (v2.2.7.RELEASE)

2021-02-15 09:23:17.460  INFO 99154 --- [    Test worker] c.s.p.i.PersonApiIntegrationTest         : Starting PersonApiIntegrationTest on MC02XKC6WJG5H with PID 99154 (started by r909654 in /Users/r909654/Documents/person-service)
2021-02-15 09:23:17.460  INFO 99154 --- [    Test worker] c.s.p.i.PersonApiIntegrationTest         : No active profile set, falling back to default profiles: default
2021-02-15 09:23:17.611  INFO 99154 --- [    Test worker] .s.d.r.c.RepositoryConfigurationDelegate : Bootstrapping Spring Data JPA repositories in DEFAULT mode.
2021-02-15 09:23:17.621  INFO 99154 --- [    Test worker] .s.d.r.c.RepositoryConfigurationDelegate : Finished Spring Data repository scanning in 9ms. Found 2 JPA repository interfaces.
2021-02-15 09:23:17.696  INFO 99154 --- [    Test worker] o.s.b.w.embedded.tomcat.TomcatWebServer  : Tomcat initialized with port(s): 0 (http)
2021-02-15 09:23:17.696  INFO 99154 --- [    Test worker] o.apache.catalina.core.StandardService   : Starting service [Tomcat]
2021-02-15 09:23:17.696  INFO 99154 --- [    Test worker] org.apache.catalina.core.StandardEngine  : Starting Servlet engine: [Apache Tomcat/9.0.34]
2021-02-15 09:23:17.708  INFO 99154 --- [    Test worker] o.a.c.c.C.[Tomcat].[localhost].[/]       : Initializing Spring embedded WebApplicationContext
2021-02-15 09:23:17.708  INFO 99154 --- [    Test worker] o.s.web.context.ContextLoader            : Root WebApplicationContext: initialization completed in 247 ms
2021-02-15 09:23:17.779  INFO 99154 --- [    Test worker] com.zaxxer.hikari.HikariDataSource       : HikariPool-10 - Starting...
2021-02-15 09:23:17.781  INFO 99154 --- [    Test worker] com.zaxxer.hikari.HikariDataSource       : HikariPool-10 - Start completed.
2021-02-15 09:23:17.781  INFO 99154 --- [    Test worker] o.s.b.a.h2.H2ConsoleAutoConfiguration    : H2 console available at '/h2-console'. Database available at 'jdbc:h2:mem:testdb'
2021-02-15 09:23:17.933  INFO 99154 --- [    Test worker] o.hibernate.jpa.internal.util.LogHelper  : HHH000204: Processing PersistenceUnitInfo [name: default]
2021-02-15 09:23:17.936  INFO 99154 --- [    Test worker] org.hibernate.dialect.Dialect            : HHH000400: Using dialect: org.hibernate.dialect.H2Dialect
2021-02-15 09:23:17.968  INFO 99154 --- [    Test worker] o.h.e.t.j.p.i.JtaPlatformInitiator       : HHH000490: Using JtaPlatform implementation: [org.hibernate.engine.transaction.jta.platform.internal.NoJtaPlatform]
2021-02-15 09:23:17.968  INFO 99154 --- [    Test worker] j.LocalContainerEntityManagerFactoryBean : Initialized JPA EntityManagerFactory for persistence unit 'default'
2021-02-15 09:23:18.052  WARN 99154 --- [    Test worker] JpaBaseConfiguration$JpaWebConfiguration : spring.jpa.open-in-view is enabled by default. Therefore, database queries may be performed during view rendering. Explicitly configure spring.jpa.open-in-view to disable this warning
2021-02-15 09:23:18.140  INFO 99154 --- [    Test worker] o.s.s.web.DefaultSecurityFilterChain     : Creating filter chain: any request, [org.springframework.security.web.context.request.async.WebAsyncManagerIntegrationFilter@23dad5c7, org.springframework.security.web.context.SecurityContextPersistenceFilter@2042b4f5, org.springframework.security.web.header.HeaderWriterFilter@2d4f003b, org.springframework.web.filter.CorsFilter@48297355, org.springframework.security.web.authentication.logout.LogoutFilter@163f6311, com.sample.person.config.filter.JWTAuthenticationFilter@f9e451d, com.sample.person.config.filter.JWTAuthorizationFilter@17ee877, org.springframework.security.web.savedrequest.RequestCacheAwareFilter@7a306fa1, org.springframework.security.web.servletapi.SecurityContextHolderAwareRequestFilter@2f2bf604, org.springframework.security.web.authentication.AnonymousAuthenticationFilter@747f7172, org.springframework.security.web.session.SessionManagementFilter@39a6adc1, org.springframework.security.web.access.ExceptionTranslationFilter@7755afab, org.springframework.security.web.access.intercept.FilterSecurityInterceptor@4a389adb]
2021-02-15 09:23:18.187  INFO 99154 --- [    Test worker] o.s.s.concurrent.ThreadPoolTaskExecutor  : Initializing ExecutorService 'applicationTaskExecutor'
2021-02-15 09:23:18.450  WARN 99154 --- [    Test worker] ion$DefaultTemplateResolverConfiguration : Cannot find template location: classpath:/templates/ (please add some templates or check your Thymeleaf configuration)
2021-02-15 09:23:18.579  INFO 99154 --- [    Test worker] o.a.c.c.C.[Tomcat].[localhost].[/]       : Initializing Spring TestDispatcherServlet ''
2021-02-15 09:23:18.579  INFO 99154 --- [    Test worker] o.s.t.web.servlet.TestDispatcherServlet  : Initializing Servlet ''
2021-02-15 09:23:18.586  INFO 99154 --- [    Test worker] o.s.b.a.e.web.EndpointLinksResolver      : Exposing 2 endpoint(s) beneath base path '/actuator'
2021-02-15 09:23:18.602  INFO 99154 --- [    Test worker] o.s.t.web.servlet.TestDispatcherServlet  : Completed initialization in 23 ms
2021-02-15 09:23:18.629  INFO 99154 --- [    Test worker] o.s.b.w.embedded.tomcat.TomcatWebServer  : Tomcat started on port(s): 54371 (http) with context path ''
2021-02-15 09:23:18.629  INFO 99154 --- [    Test worker] c.s.p.i.PersonApiIntegrationTest         : Started PersonApiIntegrationTest in 1.18 seconds (JVM running for 21.041)
2021-02-15 09:23:18.638  INFO 99154 --- [    Test worker] c.s.p.controller.UserRestController      : Singing up new user - TestUser1
2021-02-15 09:23:18.775  INFO 99154 --- [    Test worker] c.s.p.service.UserDetailsServiceImpl     : Logged in user id - 9a53e21170, name - TestUser1
2021-02-15 09:23:18.840  INFO 99154 --- [    Test worker] c.s.p.controller.UserRestController      : Singing up new user - TestUser2
2021-02-15 09:23:18.905  INFO 99154 --- [    Test worker] c.s.p.service.UserDetailsServiceImpl     : Logged in user id - abe4f73245, name - TestUser2
2021-02-15 09:23:18.970  INFO 99154 --- [    Test worker] c.s.p.controller.PersonRestController    : Inside PersonRestController getPersonById
2021-02-15 09:23:18.970  INFO 99154 --- [    Test worker] com.sample.person.utils.ServiceUtils     : Validating request body
2021-02-15 09:23:18.970  INFO 99154 --- [    Test worker] c.s.person.service.PersonServiceImpl     : Getting person by id: 1
]]></system-out>
  <system-err><![CDATA[]]></system-err>
</testsuite>
